This is pdfTeX, Version 3.1415926-2.4-1.40.13 (TeX Live 2012/Debian) (format=pdflatex 2013.4.25)  23 OCT 2013 10:50
entering extended mode
 restricted \write18 enabled.
 %&-line parsing enabled.
**geometry.tex
(./geometry.tex
LaTeX2e <2011/06/27>
Babel <v3.8m> and hyphenation patterns for english, dumylang, nohyphenation, lo
aded.
(/usr/share/texlive/texmf-dist/tex/latex/base/article.cls
Document Class: article 2007/10/19 v1.4h Standard LaTeX document class
(/usr/share/texlive/texmf-dist/tex/latex/base/size10.clo
File: size10.clo 2007/10/19 v1.4h Standard LaTeX file (size option)
)
\c@part=\count79
\c@section=\count80
\c@subsection=\count81
\c@subsubsection=\count82
\c@paragraph=\count83
\c@subparagraph=\count84
\c@figure=\count85
\c@table=\count86
\abovecaptionskip=\skip41
\belowcaptionskip=\skip42
\bibindent=\dimen102
)
(/usr/share/texlive/texmf-dist/tex/latex/graphics/graphicx.sty
Package: graphicx 1999/02/16 v1.0f Enhanced LaTeX Graphics (DPC,SPQR)

(/usr/share/texlive/texmf-dist/tex/latex/graphics/keyval.sty
Package: keyval 1999/03/16 v1.13 key=value parser (DPC)
\KV@toks@=\toks14
)
(/usr/share/texlive/texmf-dist/tex/latex/graphics/graphics.sty
Package: graphics 2009/02/05 v1.0o Standard LaTeX Graphics (DPC,SPQR)

(/usr/share/texlive/texmf-dist/tex/latex/graphics/trig.sty
Package: trig 1999/03/16 v1.09 sin cos tan (DPC)
)
(/usr/share/texlive/texmf-dist/tex/latex/latexconfig/graphics.cfg
File: graphics.cfg 2010/04/23 v1.9 graphics configuration of TeX Live
)
Package graphics Info: Driver file: pdftex.def on input line 91.

(/usr/share/texlive/texmf-dist/tex/latex/pdftex-def/pdftex.def
File: pdftex.def 2011/05/27 v0.06d Graphics/color for pdfTeX

(/usr/share/texlive/texmf-dist/tex/generic/oberdiek/infwarerr.sty
Package: infwarerr 2010/04/08 v1.3 Providing info/warning/error messages (HO)
)
(/usr/share/texlive/texmf-dist/tex/generic/oberdiek/ltxcmds.sty
Package: ltxcmds 2011/11/09 v1.22 LaTeX kernel commands for general use (HO)
)
\Gread@gobject=\count87
))
\Gin@req@height=\dimen103
\Gin@req@width=\dimen104
)
(/usr/share/texlive/texmf-dist/tex/latex/caption/caption.sty
Package: caption 2012/02/19 v3.2f Customizing captions (AR)

(/usr/share/texlive/texmf-dist/tex/latex/caption/caption3.sty
Package: caption3 2012/01/12 v1.4b caption3 kernel (AR)
\captionmargin=\dimen105
\captionmargin@=\dimen106
\captionwidth=\dimen107
\caption@indent=\dimen108
\caption@parindent=\dimen109
\caption@hangindent=\dimen110
)
\c@ContinuedFloat=\count88
)
(/usr/share/texlive/texmf-dist/tex/latex/caption/subcaption.sty
Package: subcaption 2012/01/12 v1.1d Sub-captions (AR)
\c@subfigure=\count89
\c@subtable=\count90
)
(./geometry.aux)
\openout1 = `geometry.aux'.

LaTeX Font Info:    Checking defaults for OML/cmm/m/it on input line 12.
LaTeX Font Info:    ... okay on input line 12.
LaTeX Font Info:    Checking defaults for T1/cmr/m/n on input line 12.
LaTeX Font Info:    ... okay on input line 12.
LaTeX Font Info:    Checking defaults for OT1/cmr/m/n on input line 12.
LaTeX Font Info:    ... okay on input line 12.
LaTeX Font Info:    Checking defaults for OMS/cmsy/m/n on input line 12.
LaTeX Font Info:    ... okay on input line 12.
LaTeX Font Info:    Checking defaults for OMX/cmex/m/n on input line 12.
LaTeX Font Info:    ... okay on input line 12.
LaTeX Font Info:    Checking defaults for U/cmr/m/n on input line 12.
LaTeX Font Info:    ... okay on input line 12.
 (/usr/share/texlive/texmf-dist/tex/context/base/supp-pdf.mkii
[Loading MPS to PDF converter (version 2006.09.02).]
\scratchcounter=\count91
\scratchdimen=\dimen111
\scratchbox=\box26
\nofMPsegments=\count92
\nofMParguments=\count93
\everyMPshowfont=\toks15
\MPscratchCnt=\count94
\MPscratchDim=\dimen112
\MPnumerator=\count95
\makeMPintoPDFobject=\count96
\everyMPtoPDFconversion=\toks16
) (/usr/share/texlive/texmf-dist/tex/generic/oberdiek/pdftexcmds.sty
Package: pdftexcmds 2011/11/29 v0.20 Utility functions of pdfTeX for LuaTeX (HO
)

(/usr/share/texlive/texmf-dist/tex/generic/oberdiek/ifluatex.sty
Package: ifluatex 2010/03/01 v1.3 Provides the ifluatex switch (HO)
Package ifluatex Info: LuaTeX not detected.
)
(/usr/share/texlive/texmf-dist/tex/generic/oberdiek/ifpdf.sty
Package: ifpdf 2011/01/30 v2.3 Provides the ifpdf switch (HO)
Package ifpdf Info: pdfTeX in PDF mode is detected.
)
Package pdftexcmds Info: LuaTeX not detected.
Package pdftexcmds Info: \pdf@primitive is available.
Package pdftexcmds Info: \pdf@ifprimitive is available.
Package pdftexcmds Info: \pdfdraftmode found.
)
(/usr/share/texlive/texmf-dist/tex/latex/oberdiek/epstopdf-base.sty
Package: epstopdf-base 2010/02/09 v2.5 Base part for package epstopdf

(/usr/share/texlive/texmf-dist/tex/latex/oberdiek/grfext.sty
Package: grfext 2010/08/19 v1.1 Manage graphics extensions (HO)

(/usr/share/texlive/texmf-dist/tex/generic/oberdiek/kvdefinekeys.sty
Package: kvdefinekeys 2011/04/07 v1.3 Define keys (HO)
))
(/usr/share/texlive/texmf-dist/tex/latex/oberdiek/kvoptions.sty
Package: kvoptions 2011/06/30 v3.11 Key value format for package options (HO)

(/usr/share/texlive/texmf-dist/tex/generic/oberdiek/kvsetkeys.sty
Package: kvsetkeys 2012/04/25 v1.16 Key value parser (HO)

(/usr/share/texlive/texmf-dist/tex/generic/oberdiek/etexcmds.sty
Package: etexcmds 2011/02/16 v1.5 Avoid name clashes with e-TeX commands (HO)
Package etexcmds Info: Could not find \expanded.
(etexcmds)             That can mean that you are not using pdfTeX 1.50 or
(etexcmds)             that some package has redefined \expanded.
(etexcmds)             In the latter case, load this package earlier.
)))
Package grfext Info: Graphics extension search list:
(grfext)             [.png,.pdf,.jpg,.mps,.jpeg,.jbig2,.jb2,.PNG,.PDF,.JPG,.JPE
G,.JBIG2,.JB2,.eps]
(grfext)             \AppendGraphicsExtensions on input line 452.

(/usr/share/texlive/texmf-dist/tex/latex/latexconfig/epstopdf-sys.cfg
File: epstopdf-sys.cfg 2010/07/13 v1.3 Configuration of (r)epstopdf for TeX Liv
e
))
Package caption Info: Begin \AtBeginDocument code.
Package caption Info: End \AtBeginDocument code.
LaTeX Font Info:    External font `cmex10' loaded for size
(Font)              <12> on input line 13.
LaTeX Font Info:    External font `cmex10' loaded for size
(Font)              <8> on input line 13.
LaTeX Font Info:    External font `cmex10' loaded for size
(Font)              <6> on input line 13.

<chamber_orientations_pics/chamber_45135_BCout.jpg, id=1, 1061.46562pt x 499.11
469pt>
File: chamber_orientations_pics/chamber_45135_BCout.jpg Graphic file (type jpg)

 <use chamber_orientations_pics/chamber_45135_BCout.jpg>
Package pdftex.def Info: chamber_orientations_pics/chamber_45135_BCout.jpg used
 on input line 18.
(pdftex.def)             Requested size: 159.21297pt x 74.86397pt.

Overfull \hbox (3.96402pt too wide) in paragraph at lines 18--21
[][] 
 []

LaTeX Font Info:    External font `cmex10' loaded for size
(Font)              <9> on input line 21.
LaTeX Font Info:    External font `cmex10' loaded for size
(Font)              <5> on input line 21.

<chamber_orientations_pics/chamber_9090_BCout.jpg, id=2, 1061.46562pt x 499.114
69pt>
File: chamber_orientations_pics/chamber_9090_BCout.jpg Graphic file (type jpg)
 <use chamber_orientations_pics/chamber_9090_BCout.jpg>
Package pdftex.def Info: chamber_orientations_pics/chamber_9090_BCout.jpg used 
on input line 26.
(pdftex.def)             Requested size: 159.21297pt x 74.86397pt.

Overfull \hbox (3.96402pt too wide) in paragraph at lines 26--28
[][] 
 []


<chamber_orientations_pics/chamber_45135_BCin.jpg, id=3, 1061.46562pt x 499.114
69pt>
File: chamber_orientations_pics/chamber_45135_BCin.jpg Graphic file (type jpg)
 <use chamber_orientations_pics/chamber_45135_BCin.jpg>
Package pdftex.def Info: chamber_orientations_pics/chamber_45135_BCin.jpg used 
on input line 33.
(pdftex.def)             Requested size: 159.21297pt x 74.86397pt.

Overfull \hbox (3.96402pt too wide) in paragraph at lines 33--35
[][] 
 []


<chamber_orientations_pics/chamber_9090_BCin.jpg, id=4, 1119.43219pt x 556.3284
3pt>
File: chamber_orientations_pics/chamber_9090_BCin.jpg Graphic file (type jpg)
 <use chamber_orientations_pics/chamber_9090_BCin.jpg>
Package pdftex.def Info: chamber_orientations_pics/chamber_9090_BCin.jpg used o
n input line 40.
(pdftex.def)             Requested size: 151.11682pt x 75.10109pt.
LaTeX Font Info:    External font `cmex10' loaded for size
(Font)              <7> on input line 54.
LaTeX Font Info:    Try loading font information for OMS+cmr on input line 62.

(/usr/share/texlive/texmf-dist/tex/latex/base/omscmr.fd
File: omscmr.fd 1999/05/25 v2.5h Standard LaTeX font definitions
)
LaTeX Font Info:    Font shape `OMS/cmr/m/n' in size <10> not available
(Font)              Font shape `OMS/cmsy/m/n' tried instead on input line 62.

Overfull \hbox (43.08398pt too wide) in paragraph at lines 83--91
 [][] 
 []

[1

{/var/lib/texmf/fonts/map/pdftex/updmap/pdftex.map}]
<plots/prot_e.jpg, id=18, 698.61pt x 473.77pt>
File: plots/prot_e.jpg Graphic file (type jpg)
 <use plots/prot_e.jpg>
Package pdftex.def Info: plots/prot_e.jpg used on input line 107.
(pdftex.def)             Requested size: 349.30414pt x 236.88441pt.

Overfull \hbox (194.05519pt too wide) in paragraph at lines 107--108
[][] 
 []

<plots/prot_frac.jpg, id=19, 698.61pt x 473.77pt>
File: plots/prot_frac.jpg Graphic file (type jpg)
 <use plots/prot_frac.jpg>
Package pdftex.def Info: plots/prot_frac.jpg used on input line 111.
(pdftex.def)             Requested size: 349.30414pt x 236.88441pt.

Overfull \hbox (194.05519pt too wide) in paragraph at lines 111--112
[][] 
 []

<plots/prot_transfunc.jpg, id=20, 1857.94125pt x 1031.855pt>
File: plots/prot_transfunc.jpg Graphic file (type jpg)

<use plots/prot_transfunc.jpg>
Package pdftex.def Info: plots/prot_transfunc.jpg used on input line 128.
(pdftex.def)             Requested size: 371.58167pt x 206.36734pt.

Overfull \hbox (26.58167pt too wide) in paragraph at lines 128--131
 [][] 
 []

<plots/elec_e.jpg, id=21, 698.61pt x 473.77pt>
File: plots/elec_e.jpg Graphic file (type jpg)
 <use plots/elec_e.jpg>
Package pdftex.def Info: plots/elec_e.jpg used on input line 141.
(pdftex.def)             Requested size: 349.30414pt x 236.88441pt.

Overfull \hbox (4.30414pt too wide) in paragraph at lines 141--144
 [][] 
 []

[2 <./chamber_orientations_pics/chamber_45135_BCout.jpg> <./chamber_orientation
s_pics/chamber_9090_BCout.jpg> <./chamber_orientations_pics/chamber_45135_BCin.
jpg> <./chamber_orientations_pics/chamber_9090_BCin.jpg>] [3 <./plots/prot_e.jp
g> <./plots/prot_frac.jpg>] [4 <./plots/prot_transfunc.jpg> <./plots/elec_e.jpg
>] [5] (./geometry.aux) ) 
Here is how much of TeX's memory you used:
 2636 strings out of 495059
 42342 string characters out of 3182030
 99605 words of memory out of 3000000
 5804 multiletter control sequences out of 15000+200000
 8538 words of font info for 30 fonts, out of 3000000 for 9000
 14 hyphenation exceptions out of 8191
 38i,9n,38p,650b,466s stack positions out of 5000i,500n,10000p,200000b,50000s
</usr/share/texlive/texmf-dist/fonts/type1/public/amsf
onts/cm/cmbx12.pfb></usr/share/texlive/texmf-dist/fonts/type1/public/amsfonts/c
m/cmmi10.pfb></usr/share/texlive/texmf-dist/fonts/type1/public/amsfonts/cm/cmmi
9.pfb></usr/share/texlive/texmf-dist/fonts/type1/public/amsfonts/cm/cmr10.pfb><
/usr/share/texlive/texmf-dist/fonts/type1/public/amsfonts/cm/cmr12.pfb></usr/sh
are/texlive/texmf-dist/fonts/type1/public/amsfonts/cm/cmr17.pfb></usr/share/tex
live/texmf-dist/fonts/type1/public/amsfonts/cm/cmr7.pfb></usr/share/texlive/tex
mf-dist/fonts/type1/public/amsfonts/cm/cmr9.pfb></usr/share/texlive/texmf-dist/
fonts/type1/public/amsfonts/cm/cmsy10.pfb></usr/share/texlive/texmf-dist/fonts/
type1/public/amsfonts/cm/cmsy6.pfb></usr/share/texlive/texmf-dist/fonts/type1/p
ublic/amsfonts/cm/cmsy7.pfb></usr/share/texlive/texmf-dist/fonts/type1/public/a
msfonts/cm/cmti10.pfb>
Output written on geometry.pdf (5 pages, 656519 bytes).
PDF statistics:
 76 PDF objects out of 1000 (max. 8388607)
 48 compressed objects within 1 object stream
 0 named destinations out of 1000 (max. 500000)
 41 words of extra memory for PDF output out of 10000 (max. 10000000)

